<?xml version="1.0" encoding="UTF-8" ?>
<testsuite failures="0" time="0.925" errors="0" skipped="0" tests="1" name="com.expedia.zipcode.ValidationTest">
  <properties>
    <property name="java.runtime.name" value="Java(TM) SE Runtime Environment"/>
    <property name="sun.boot.library.path" value="C:\Program Files\Java\jdk1.6.0_26\jre\bin"/>
    <property name="java.vm.version" value="20.1-b02"/>
    <property name="java.vm.vendor" value="Sun Microsystems Inc."/>
    <property name="java.vendor.url" value="http://java.sun.com/"/>
    <property name="path.separator" value=";"/>
    <property name="java.vm.name" value="Java HotSpot(TM) 64-Bit Server VM"/>
    <property name="file.encoding.pkg" value="sun.io"/>
    <property name="user.country" value="IN"/>
    <property name="sun.java.launcher" value="SUN_STANDARD"/>
    <property name="sun.os.patch.level" value="Service Pack 1"/>
    <property name="java.vm.specification.name" value="Java Virtual Machine Specification"/>
    <property name="user.dir" value="D:\MyPlace local\zipcode"/>
    <property name="java.runtime.version" value="1.6.0_26-b03"/>
    <property name="java.awt.graphicsenv" value="sun.awt.Win32GraphicsEnvironment"/>
    <property name="basedir" value="D:\MyPlace local\zipcode"/>
    <property name="java.endorsed.dirs" value="C:\Program Files\Java\jdk1.6.0_26\jre\lib\endorsed"/>
    <property name="os.arch" value="amd64"/>
    <property name="surefire.real.class.path" value="D:\MyPlace local\zipcode\target\surefire\surefirebooter2356110196143668781.jar"/>
    <property name="java.io.tmpdir" value="C:\Users\HINA16~1.NAG\AppData\Local\Temp\"/>
    <property name="line.separator" value="
"/>
    <property name="java.vm.specification.vendor" value="Sun Microsystems Inc."/>
    <property name="user.variant" value=""/>
    <property name="os.name" value="Windows 7"/>
    <property name="sun.jnu.encoding" value="Cp1252"/>
    <property name="java.library.path" value="C:\Program Files\Java\jdk1.6.0_26\jre\bin;C:\Windows\Sun\Java\bin;C:\Windows\system32;C:\Windows;C:\Program Files\nodejs\;C:\Program Files (x86)\Teradata\Teradata Performance Monitor Object 13.10\;C:\Program Files (x86)\Teradata\Client\13.10\AXSMOD\;C:\Program Files (x86)\Teradata\Client\13.10\bin\;C:\Program Files (x86)\Teradata\Client\13.10\CLIv2\;C:\Program Files (x86)\Teradata\Client\13.10\ODBC Driver for Teradata\Lib;C:\Program Files (x86)\Teradata\Client\13.10\Shared ICU Libraries for Teradata\lib\;C:\Program Files\Common Files\Microsoft Shared\Windows Live;C:\Program Files (x86)\Common Files\Microsoft Shared\Windows Live;C:\Windows\system32;C:\Windows;C:\Windows\System32\Wbem;C:\Windows\System32\WindowsPowerShell\v1.0\;C:\Program Files\ThinkPad\Bluetooth Software\;C:\Program Files\ThinkPad\Bluetooth Software\syswow64;C:\Program Files\Broadcom\WHL\;C:\Program Files\Broadcom\WHL\syswow64;C:\Program Files\Broadcom\WHL\SysWow64\;C:\Program Files\Broadcom\WHL\SysWow64\syswow64;C:\Program Files\Intel\WiFi\bin\;C:\Program Files\Common Files\Intel\WirelessCommon\;C:\Program Files (x86)\Common Files\Lenovo;C:\Program Files (x86)\Common Files\Ulead Systems\MPEG;C:\Program Files (x86)\Windows Live\Shared;C:\SWTOOLS\ReadyApps;C:\Program Files (x86)\Intel\Services\IPT\;C:\Program Files (x86)\Symantec\VIP Access Client\;C:\Program Files (x86)\Microsoft SQL Server\100\Tools\Binn\;C:\Program Files\Microsoft SQL Server\100\Tools\Binn\;C:\Program Files\Microsoft SQL Server\100\DTS\Binn\;C:\Program Files (x86)\Microsoft SQL Server\100\Tools\Binn\VSShell\Common7\IDE\;C:\Program Files (x86)\Microsoft SQL Server\100\DTS\Binn\;C:\Program Files\Java\jdk1.6.0_26\bin;D:\apache-ant-1.8.2\bin;C:\Program Files\Common Files\Lenovo;C:\springsource\spring-roo-1.1.5.RELEASE\bin;C:\springsource\apache-maven-3.0.3\bin;C:\Program Files (x86)\QuickTime\QTSystem\;C:\Program Files\TortoiseSVN\bin;C:\Program Files\Samsung\AllShare Framework DMS\1.3.15\;C:\Program Files\Samsung\AllShare Framework DMS\1.3.15\64bit\;C:\Program Files (x86)\Heroku\bin;C:\Program Files (x86)\git\cmd;C:\Users\hina1681.NAGARRO\AppData\Roaming\npm;."/>
    <property name="surefire.test.class.path" value="D:\MyPlace local\zipcode\target\test-classes;D:\MyPlace local\zipcode\target\classes;C:\Users\hina1681.NAGARRO\.m2\repository\junit\junit\4.11\junit-4.11.jar;C:\Users\hina1681.NAGARRO\.m2\repository\org\hamcrest\hamcrest-core\1.3\hamcrest-core-1.3.jar;C:\Users\hina1681.NAGARRO\.m2\repository\log4j\log4j\1.2.17\log4j-1.2.17.jar;C:\Users\hina1681.NAGARRO\.m2\repository\org\slf4j\jcl-over-slf4j\1.6.1\jcl-over-slf4j-1.6.1.jar;C:\Users\hina1681.NAGARRO\.m2\repository\org\slf4j\slf4j-api\1.6.1\slf4j-api-1.6.1.jar;C:\Users\hina1681.NAGARRO\.m2\repository\org\slf4j\slf4j-log4j12\1.6.1\slf4j-log4j12-1.6.1.jar;C:\Users\hina1681.NAGARRO\.m2\repository\org\springframework\spring-web\3.2.2.RELEASE\spring-web-3.2.2.RELEASE.jar;C:\Users\hina1681.NAGARRO\.m2\repository\aopalliance\aopalliance\1.0\aopalliance-1.0.jar;C:\Users\hina1681.NAGARRO\.m2\repository\org\springframework\spring-aop\3.2.2.RELEASE\spring-aop-3.2.2.RELEASE.jar;C:\Users\hina1681.NAGARRO\.m2\repository\org\springframework\spring-context\3.2.2.RELEASE\spring-context-3.2.2.RELEASE.jar;C:\Users\hina1681.NAGARRO\.m2\repository\org\springframework\spring-expression\3.2.2.RELEASE\spring-expression-3.2.2.RELEASE.jar;C:\Users\hina1681.NAGARRO\.m2\repository\org\springframework\spring-webmvc\3.2.4.RELEASE\spring-webmvc-3.2.4.RELEASE.jar;C:\Users\hina1681.NAGARRO\.m2\repository\org\springframework\spring-beans\3.2.4.RELEASE\spring-beans-3.2.4.RELEASE.jar;C:\Users\hina1681.NAGARRO\.m2\repository\org\springframework\spring-core\3.2.2.RELEASE\spring-core-3.2.2.RELEASE.jar;C:\Users\hina1681.NAGARRO\.m2\repository\commons-logging\commons-logging\1.1.1\commons-logging-1.1.1.jar;C:\Users\hina1681.NAGARRO\.m2\repository\org\springframework\spring-test\3.2.6.RELEASE\spring-test-3.2.6.RELEASE.jar;C:\Users\hina1681.NAGARRO\.m2\repository\javax\servlet\servlet-api\2.5\servlet-api-2.5.jar;C:\Users\hina1681.NAGARRO\.m2\repository\javax\servlet\jstl\1.2\jstl-1.2.jar;C:\Users\hina1681.NAGARRO\.m2\repository\org\apache\tiles\tiles-core\2.2.1\tiles-core-2.2.1.jar;C:\Users\hina1681.NAGARRO\.m2\repository\org\apache\tiles\tiles-api\2.2.1\tiles-api-2.2.1.jar;C:\Users\hina1681.NAGARRO\.m2\repository\commons-digester\commons-digester\2.0\commons-digester-2.0.jar;C:\Users\hina1681.NAGARRO\.m2\repository\commons-beanutils\commons-beanutils\1.8.0\commons-beanutils-1.8.0.jar;C:\Users\hina1681.NAGARRO\.m2\repository\org\apache\tiles\tiles-template\2.2.1\tiles-template-2.2.1.jar;C:\Users\hina1681.NAGARRO\.m2\repository\org\apache\tiles\tiles-jsp\2.2.1\tiles-jsp-2.2.1.jar;C:\Users\hina1681.NAGARRO\.m2\repository\org\apache\tiles\tiles-servlet\2.2.2\tiles-servlet-2.2.2.jar;C:\Users\hina1681.NAGARRO\.m2\repository\commons-collections\commons-collections\3.2.1\commons-collections-3.2.1.jar;C:\Users\hina1681.NAGARRO\.m2\repository\commons-lang\commons-lang\2.6\commons-lang-2.6.jar;C:\Users\hina1681.NAGARRO\.m2\repository\com\google\code\gson\gson\2.2.4\gson-2.2.4.jar;"/>
    <property name="java.specification.name" value="Java Platform API Specification"/>
    <property name="java.class.version" value="50.0"/>
    <property name="sun.management.compiler" value="HotSpot 64-Bit Tiered Compilers"/>
    <property name="os.version" value="6.1"/>
    <property name="user.home" value="C:\Users\hina1681.NAGARRO"/>
    <property name="user.timezone" value="Asia/Calcutta"/>
    <property name="java.awt.printerjob" value="sun.awt.windows.WPrinterJob"/>
    <property name="java.specification.version" value="1.6"/>
    <property name="file.encoding" value="Cp1252"/>
    <property name="user.name" value="hina1681"/>
    <property name="java.class.path" value="D:\MyPlace local\zipcode\target\test-classes;D:\MyPlace local\zipcode\target\classes;C:\Users\hina1681.NAGARRO\.m2\repository\junit\junit\4.11\junit-4.11.jar;C:\Users\hina1681.NAGARRO\.m2\repository\org\hamcrest\hamcrest-core\1.3\hamcrest-core-1.3.jar;C:\Users\hina1681.NAGARRO\.m2\repository\log4j\log4j\1.2.17\log4j-1.2.17.jar;C:\Users\hina1681.NAGARRO\.m2\repository\org\slf4j\jcl-over-slf4j\1.6.1\jcl-over-slf4j-1.6.1.jar;C:\Users\hina1681.NAGARRO\.m2\repository\org\slf4j\slf4j-api\1.6.1\slf4j-api-1.6.1.jar;C:\Users\hina1681.NAGARRO\.m2\repository\org\slf4j\slf4j-log4j12\1.6.1\slf4j-log4j12-1.6.1.jar;C:\Users\hina1681.NAGARRO\.m2\repository\org\springframework\spring-web\3.2.2.RELEASE\spring-web-3.2.2.RELEASE.jar;C:\Users\hina1681.NAGARRO\.m2\repository\aopalliance\aopalliance\1.0\aopalliance-1.0.jar;C:\Users\hina1681.NAGARRO\.m2\repository\org\springframework\spring-aop\3.2.2.RELEASE\spring-aop-3.2.2.RELEASE.jar;C:\Users\hina1681.NAGARRO\.m2\repository\org\springframework\spring-context\3.2.2.RELEASE\spring-context-3.2.2.RELEASE.jar;C:\Users\hina1681.NAGARRO\.m2\repository\org\springframework\spring-expression\3.2.2.RELEASE\spring-expression-3.2.2.RELEASE.jar;C:\Users\hina1681.NAGARRO\.m2\repository\org\springframework\spring-webmvc\3.2.4.RELEASE\spring-webmvc-3.2.4.RELEASE.jar;C:\Users\hina1681.NAGARRO\.m2\repository\org\springframework\spring-beans\3.2.4.RELEASE\spring-beans-3.2.4.RELEASE.jar;C:\Users\hina1681.NAGARRO\.m2\repository\org\springframework\spring-core\3.2.2.RELEASE\spring-core-3.2.2.RELEASE.jar;C:\Users\hina1681.NAGARRO\.m2\repository\commons-logging\commons-logging\1.1.1\commons-logging-1.1.1.jar;C:\Users\hina1681.NAGARRO\.m2\repository\org\springframework\spring-test\3.2.6.RELEASE\spring-test-3.2.6.RELEASE.jar;C:\Users\hina1681.NAGARRO\.m2\repository\javax\servlet\servlet-api\2.5\servlet-api-2.5.jar;C:\Users\hina1681.NAGARRO\.m2\repository\javax\servlet\jstl\1.2\jstl-1.2.jar;C:\Users\hina1681.NAGARRO\.m2\repository\org\apache\tiles\tiles-core\2.2.1\tiles-core-2.2.1.jar;C:\Users\hina1681.NAGARRO\.m2\repository\org\apache\tiles\tiles-api\2.2.1\tiles-api-2.2.1.jar;C:\Users\hina1681.NAGARRO\.m2\repository\commons-digester\commons-digester\2.0\commons-digester-2.0.jar;C:\Users\hina1681.NAGARRO\.m2\repository\commons-beanutils\commons-beanutils\1.8.0\commons-beanutils-1.8.0.jar;C:\Users\hina1681.NAGARRO\.m2\repository\org\apache\tiles\tiles-template\2.2.1\tiles-template-2.2.1.jar;C:\Users\hina1681.NAGARRO\.m2\repository\org\apache\tiles\tiles-jsp\2.2.1\tiles-jsp-2.2.1.jar;C:\Users\hina1681.NAGARRO\.m2\repository\org\apache\tiles\tiles-servlet\2.2.2\tiles-servlet-2.2.2.jar;C:\Users\hina1681.NAGARRO\.m2\repository\commons-collections\commons-collections\3.2.1\commons-collections-3.2.1.jar;C:\Users\hina1681.NAGARRO\.m2\repository\commons-lang\commons-lang\2.6\commons-lang-2.6.jar;C:\Users\hina1681.NAGARRO\.m2\repository\com\google\code\gson\gson\2.2.4\gson-2.2.4.jar;"/>
    <property name="java.vm.specification.version" value="1.0"/>
    <property name="sun.arch.data.model" value="64"/>
    <property name="java.home" value="C:\Program Files\Java\jdk1.6.0_26\jre"/>
    <property name="sun.java.command" value="D:\MyPlace local\zipcode\target\surefire\surefirebooter2356110196143668781.jar D:\MyPlace local\zipcode\target\surefire\surefire723282019101600838tmp D:\MyPlace local\zipcode\target\surefire\surefire516241650822396811tmp"/>
    <property name="java.specification.vendor" value="Sun Microsystems Inc."/>
    <property name="user.language" value="en"/>
    <property name="awt.toolkit" value="sun.awt.windows.WToolkit"/>
    <property name="java.vm.info" value="mixed mode"/>
    <property name="java.version" value="1.6.0_26"/>
    <property name="java.ext.dirs" value="C:\Program Files\Java\jdk1.6.0_26\jre\lib\ext;C:\Windows\Sun\Java\lib\ext"/>
    <property name="sun.boot.class.path" value="C:\Program Files\Java\jdk1.6.0_26\jre\lib\resources.jar;C:\Program Files\Java\jdk1.6.0_26\jre\lib\rt.jar;C:\Program Files\Java\jdk1.6.0_26\jre\lib\sunrsasign.jar;C:\Program Files\Java\jdk1.6.0_26\jre\lib\jsse.jar;C:\Program Files\Java\jdk1.6.0_26\jre\lib\jce.jar;C:\Program Files\Java\jdk1.6.0_26\jre\lib\charsets.jar;C:\Program Files\Java\jdk1.6.0_26\jre\lib\modules\jdk.boot.jar;C:\Program Files\Java\jdk1.6.0_26\jre\classes"/>
    <property name="java.vendor" value="Sun Microsystems Inc."/>
    <property name="localRepository" value="C:\Users\hina1681.NAGARRO\.m2\repository"/>
    <property name="file.separator" value="\"/>
    <property name="java.vendor.url.bug" value="http://java.sun.com/cgi-bin/bugreport.cgi"/>
    <property name="sun.cpu.endian" value="little"/>
    <property name="sun.io.unicode.encoding" value="UnicodeLittle"/>
    <property name="sun.desktop" value="windows"/>
    <property name="sun.cpu.isalist" value="amd64"/>
  </properties>
  <testcase time="0.741" classname="com.expedia.zipcode.ValidationTest" name="validateZIPCodeFormat"/>
</testsuite>